<?xml version="1.0" encoding="UTF-8" standalone="no"?>
<!DOCTYPE log SYSTEM "logger.dtd">
<log>
<record>
  <date>2022-05-31T09:09:09.500-0300</date>
  <logger>ENZO DINIZ VASCONCELOS</logger>
  <level>FINE</level>
  <message>File 120211072-ENZO DINIZ VASCONCELOS.zip was received. It was sent by ENZO DINIZ VASCONCELOS from IP 150.165.42.122 at 31-05-2022 09*09*09</message>
</record>
</log>
<?xml version="1.0" encoding="UTF-8" standalone="no"?>
<!DOCTYPE log SYSTEM "logger.dtd">
<log>
<record>
  <date>2022-06-06T20:04:11.204-0300</date>
  <logger>ENZO DINIZ VASCONCELOS</logger>
  <level>FINE</level>
  <message>File 120211072-ENZO DINIZ VASCONCELOS.zip was received. It was sent by ENZO DINIZ VASCONCELOS from IP 10.0.0.105 at 06-06-2022 20*04*11</message>
</record>
</log>
<?xml version="1.0" encoding="UTF-8" standalone="no"?>
<!DOCTYPE log SYSTEM "logger.dtd">
<log>
<record>
  <date>2022-06-06T20:05:53.000-0300</date>
  <logger>ENZO DINIZ VASCONCELOS</logger>
  <level>FINE</level>
  <message>File 120211072-ENZO DINIZ VASCONCELOS.zip was received. It was sent by ENZO DINIZ VASCONCELOS from IP 10.0.0.105 at 06-06-2022 20*05*52</message>
</record>
